<moodle_backup>
Error in line 1: Unrecognized command verb.
THIS IS STATIC TEXT FROM THE MOODLE_BACKUP.XML TEMPLATE.
Error in line 3: Unrecognized command verb.
<information>
Error in line 5: Unrecognized command verb.
<name>backup-single_topic.mbz</name>
Error in line 6: Unrecognized command verb.
<moodle_version>2012120304</moodle_version>
Error in line 7: Unrecognized command verb.
<moodle_release>2.4.4 (Build: 20130513)</moodle_release>
Error in line 8: Unrecognized command verb.
<backup_version>2012120300</backup_version>
Error in line 9: Unrecognized command verb.
<backup_release>2.4</backup_release>
Error in line 10: Unrecognized command verb.
<backup_date>1370579433</backup_date>
Error in line 11: Unrecognized command verb.
<mnet_remoteusers>0</mnet_remoteusers>
Error in line 12: Unrecognized command verb.
<include_file_references_to_external_content>0</include_file_references_to_external_content>
Error in line 13: Unrecognized command verb.
<original_wwwroot>http://p12ket.sqooltools.com</original_wwwroot>
Error in line 14: Unrecognized command verb.
<original_site_identifier_hash>d016e6cc63c05ba28edad46d623b30a8</original_site_identifier_hash>
Error in line 15: Unrecognized command verb.
<original_course_id>35</original_course_id>
Error in line 16: Unrecognized command verb.
<original_course_fullname>Single Topic</original_course_fullname>
Error in line 17: Unrecognized command verb.
<original_course_shortname>Single Topic</original_course_shortname>
Error in line 18: Unrecognized command verb.
<original_course_startdate>1370523600</original_course_startdate>
Error in line 19: Unrecognized command verb.
<original_course_contextid>1008</original_course_contextid>
Error in line 20: Unrecognized command verb.
<original_system_contextid>1</original_system_contextid>
Error in line 21: Unrecognized command verb.
<details>
Error in line 22: Unrecognized command verb.
<detail backup_id="e71c1605cace123d95cf43ca65ce1522">
Error in line 23: Unrecognized command verb.
<type>course</type>
Error in line 24: Unrecognized command verb.
<format>moodle2</format>
Error in line 25: Unrecognized command verb.
<interactive>1</interactive>
Error in line 26: Unrecognized command verb.
<mode>10</mode>
Error in line 27: Unrecognized command verb.
<execution>1</execution>
Error in line 28: Unrecognized command verb.
<executiontime>0</executiontime>
Error in line 29: Unrecognized command verb.
</detail>
Error in line 30: Unrecognized command verb.
</details>
Error in line 31: Unrecognized command verb.
<contents>
Error in line 32: Unrecognized command verb.
<activities>
Error in line 33: Unrecognized command verb.
<activity>
Error in line 34: Unrecognized command verb.
<moduleid>628</moduleid>
Error in line 35: Unrecognized command verb.
<sectionid>1744</sectionid>
Error in line 36: Unrecognized command verb.
<modulename>forum</modulename>
Error in line 37: Unrecognized command verb.
<title>News forum</title>
Error in line 38: Unrecognized command verb.
<directory>activities/forum_628</directory>
Error in line 39: Unrecognized command verb.
</activity>
Error in line 40: Unrecognized command verb.
</activities>
Error in line 41: Unrecognized command verb.
<%= mbz.section_list %>
Error in line 42: Unrecognized command verb.
<course>
Error in line 43: Unrecognized command verb.
<courseid>35</courseid>
Error in line 44: Unrecognized command verb.
<title>Single Topic</title>
Error in line 45: Unrecognized command verb.
<directory>course</directory>
Error in line 46: Unrecognized command verb.
</course>
Error in line 47: Unrecognized command verb.
</contents>
Error in line 48: Unrecognized command verb.
<settings>
Error in line 49: Unrecognized command verb.
<setting>
Error in line 50: Unrecognized command verb.
<level>root</level>
Error in line 51: Unrecognized command verb.
<name>filename</name>
Error in line 52: Unrecognized command verb.
<value>backup-single_topic.mbz</value>
Error in line 53: Unrecognized command verb.
</setting>
Error in line 54: Unrecognized command verb.
<setting>
Error in line 55: Unrecognized command verb.
<level>root</level>
Error in line 56: Unrecognized command verb.
<name>imscc11</name>
Error in line 57: Unrecognized command verb.
<value>0</value>
Error in line 58: Unrecognized command verb.
</setting>
Error in line 59: Unrecognized command verb.
<setting>
Error in line 60: Unrecognized command verb.
<level>root</level>
Error in line 61: Unrecognized command verb.
<name>users</name>
Error in line 62: Unrecognized command verb.
<value>0</value>
Error in line 63: Unrecognized command verb.
</setting>
Error in line 64: Unrecognized command verb.
<setting>
Error in line 65: Unrecognized command verb.
<level>root</level>
Error in line 66: Unrecognized command verb.
<name>anonymize</name>
Error in line 67: Unrecognized command verb.
<value>0</value>
Error in line 68: Unrecognized command verb.
</setting>
Error in line 69: Unrecognized command verb.
<setting>
Error in line 70: Unrecognized command verb.
<level>root</level>
Error in line 71: Unrecognized command verb.
<name>role_assignments</name>
Error in line 72: Unrecognized command verb.
<value>0</value>
Error in line 73: Unrecognized command verb.
</setting>
Error in line 74: Unrecognized command verb.
<setting>
Error in line 75: Unrecognized command verb.
<level>root</level>
Error in line 76: Unrecognized command verb.
<name>activities</name>
Error in line 77: Unrecognized command verb.
<value>1</value>
Error in line 78: Unrecognized command verb.
</setting>
Error in line 79: Unrecognized command verb.
<setting>
Error in line 80: Unrecognized command verb.
<level>root</level>
Error in line 81: Unrecognized command verb.
<name>blocks</name>
Error in line 82: Unrecognized command verb.
<value>0</value>
Error in line 83: Unrecognized command verb.
</setting>
Error in line 84: Unrecognized command verb.
<setting>
Error in line 85: Unrecognized command verb.
<level>root</level>
Error in line 86: Unrecognized command verb.
<name>filters</name>
Error in line 87: Unrecognized command verb.
<value>0</value>
Error in line 88: Unrecognized command verb.
</setting>
Error in line 89: Unrecognized command verb.
<setting>
Error in line 90: Unrecognized command verb.
<level>root</level>
Error in line 91: Unrecognized command verb.
<name>comments</name>
Error in line 92: Unrecognized command verb.
<value>0</value>
Error in line 93: Unrecognized command verb.
</setting>
Error in line 94: Unrecognized command verb.
<setting>
Error in line 95: Unrecognized command verb.
<level>root</level>
Error in line 96: Unrecognized command verb.
<name>calendarevents</name>
Error in line 97: Unrecognized command verb.
<value>0</value>
Error in line 98: Unrecognized command verb.
</setting>
Error in line 99: Unrecognized command verb.
<setting>
Error in line 100: Unrecognized command verb.
<level>root</level>
Error in line 101: Unrecognized command verb.
<name>userscompletion</name>
Error in line 102: Unrecognized command verb.
<value>0</value>
Error in line 103: Unrecognized command verb.
</setting>
Error in line 104: Unrecognized command verb.
<setting>
Error in line 105: Unrecognized command verb.
<level>root</level>
Error in line 106: Unrecognized command verb.
<name>logs</name>
Error in line 107: Unrecognized command verb.
<value>0</value>
Error in line 108: Unrecognized command verb.
</setting>
Error in line 109: Unrecognized command verb.
<setting>
Error in line 110: Unrecognized command verb.
<level>root</level>
Error in line 111: Unrecognized command verb.
<name>grade_histories</name>
Error in line 112: Unrecognized command verb.
<value>0</value>
Error in line 113: Unrecognized command verb.
</setting>
Error in line 114: Unrecognized command verb.
<setting>
Error in line 115: Unrecognized command verb.
<level>section</level>
Error in line 116: Unrecognized command verb.
<section>section_1744</section>
Error in line 117: Unrecognized command verb.
<name>section_1744_included</name>
Error in line 118: Unrecognized command verb.
<value>1</value>
Error in line 119: Unrecognized command verb.
</setting>
Error in line 120: Unrecognized command verb.
<setting>
Error in line 121: Unrecognized command verb.
<level>section</level>
Error in line 122: Unrecognized command verb.
<section>section_1744</section>
Error in line 123: Unrecognized command verb.
<name>section_1744_userinfo</name>
Error in line 124: Unrecognized command verb.
<value>0</value>
Error in line 125: Unrecognized command verb.
</setting>
Error in line 126: Unrecognized command verb.
<setting>
Error in line 127: Unrecognized command verb.
<level>activity</level>
Error in line 128: Unrecognized command verb.
<activity>forum_628</activity>
Error in line 129: Unrecognized command verb.
<name>forum_628_included</name>
Error in line 130: Unrecognized command verb.
<value>1</value>
Error in line 131: Unrecognized command verb.
</setting>
Error in line 132: Unrecognized command verb.
<setting>
Error in line 133: Unrecognized command verb.
<level>activity</level>
Error in line 134: Unrecognized command verb.
<activity>forum_628</activity>
Error in line 135: Unrecognized command verb.
<name>forum_628_userinfo</name>
Error in line 136: Unrecognized command verb.
<value>0</value>
Error in line 137: Unrecognized command verb.
</setting>
Error in line 138: Unrecognized command verb.
<setting>
Error in line 139: Unrecognized command verb.
<level>section</level>
Error in line 140: Unrecognized command verb.
<section>section_1745</section>
Error in line 141: Unrecognized command verb.
<name>section_1745_included</name>
Error in line 142: Unrecognized command verb.
<value>1</value>
Error in line 143: Unrecognized command verb.
</setting>
Error in line 144: Unrecognized command verb.
<setting>
Error in line 145: Unrecognized command verb.
<level>section</level>
Error in line 146: Unrecognized command verb.
<section>section_1745</section>
Error in line 147: Unrecognized command verb.
<name>section_1745_userinfo</name>
Error in line 148: Unrecognized command verb.
<value>0</value>
Error in line 149: Unrecognized command verb.
</setting>
Error in line 150: Unrecognized command verb.
</settings>
Error in line 151: Unrecognized command verb.
</information>
Error in line 152: Unrecognized command verb.
</moodle_backup>
Error in line 153: Unrecognized command verb.
